# Logfile created on 2014-01-07 22:23:01 +0100 by logger.rb/36483
I, [2014-01-07T22:23:01.951838 #38231]  INFO -- : 0:  json (1.8.1) from /Users/akorling/.rbenv/versions/2.0.0-p247/lib/ruby/gems/2.0.0/specifications/json-1.8.1.gemspec
I, [2014-01-07T22:23:01.952317 #38231]  INFO -- : 0:  multi_xml (0.5.5) from /Users/akorling/.rbenv/versions/2.0.0-p247/lib/ruby/gems/2.0.0/specifications/multi_xml-0.5.5.gemspec
I, [2014-01-07T22:23:01.952611 #38231]  INFO -- : 0:  httparty (0.12.0) from /Users/akorling/.rbenv/versions/2.0.0-p247/lib/ruby/gems/2.0.0/specifications/httparty-0.12.0.gemspec
I, [2014-01-07T22:23:01.952922 #38231]  INFO -- : 0:  rack (1.5.2) from /Users/akorling/.rbenv/versions/2.0.0-p247/lib/ruby/gems/2.0.0/specifications/rack-1.5.2.gemspec
I, [2014-01-07T22:23:04.310665 #38231]  INFO -- : 0:  rack-protection (1.5.1) from /Users/akorling/.rbenv/versions/2.0.0-p247/lib/ruby/gems/2.0.0/specifications/rack-protection-1.5.1.gemspec
I, [2014-01-07T22:23:07.553465 #38231]  INFO -- : 0:  sequel (4.6.0) from /Users/akorling/.rbenv/versions/2.0.0-p247/lib/ruby/gems/2.0.0/specifications/sequel-4.6.0.gemspec
I, [2014-01-07T22:23:07.553925 #38231]  INFO -- : 0:  tilt (1.4.1) from /Users/akorling/.rbenv/versions/2.0.0-p247/lib/ruby/gems/2.0.0/specifications/tilt-1.4.1.gemspec
I, [2014-01-07T22:23:09.924042 #38231]  INFO -- : 0:  sinatra (1.4.4) from /Users/akorling/.rbenv/versions/2.0.0-p247/lib/ruby/gems/2.0.0/specifications/sinatra-1.4.4.gemspec
I, [2014-01-07T22:23:22.281866 #38231]  INFO -- : 0:  sqlite3 (1.3.8) from /Users/akorling/.rbenv/versions/2.0.0-p247/lib/ruby/gems/2.0.0/specifications/sqlite3-1.3.8.gemspec
I, [2014-01-07T22:23:24.965293 #38231]  INFO -- : 0:  themoviedb (0.0.16) from /Users/akorling/.rbenv/versions/2.0.0-p247/lib/ruby/gems/2.0.0/specifications/themoviedb-0.0.16.gemspec
I, [2014-01-07T22:23:24.965799 #38231]  INFO -- : 0:  bundler (1.5.1) from /Users/akorling/.rbenv/versions/2.0.0-p247/lib/ruby/gems/2.0.0/specifications/bundler-1.5.1.gemspec
I, [2014-01-08T15:29:23.532589 #62520]  INFO -- : 0:  json (1.8.1) from /Users/akorling/.rbenv/versions/2.0.0-p247/lib/ruby/gems/2.0.0/specifications/json-1.8.1.gemspec
I, [2014-01-08T15:29:23.558160 #62520]  INFO -- : 0:  multi_xml (0.5.5) from /Users/akorling/.rbenv/versions/2.0.0-p247/lib/ruby/gems/2.0.0/specifications/multi_xml-0.5.5.gemspec
I, [2014-01-08T15:29:23.558521 #62520]  INFO -- : 0:  httparty (0.12.0) from /Users/akorling/.rbenv/versions/2.0.0-p247/lib/ruby/gems/2.0.0/specifications/httparty-0.12.0.gemspec
I, [2014-01-08T15:29:23.558844 #62520]  INFO -- : 0:  rack (1.5.2) from /Users/akorling/.rbenv/versions/2.0.0-p247/lib/ruby/gems/2.0.0/specifications/rack-1.5.2.gemspec
I, [2014-01-08T15:29:23.559189 #62520]  INFO -- : 0:  rack-protection (1.5.1) from /Users/akorling/.rbenv/versions/2.0.0-p247/lib/ruby/gems/2.0.0/specifications/rack-protection-1.5.1.gemspec
I, [2014-01-08T15:29:23.559537 #62520]  INFO -- : 0:  sequel (4.6.0) from /Users/akorling/.rbenv/versions/2.0.0-p247/lib/ruby/gems/2.0.0/specifications/sequel-4.6.0.gemspec
I, [2014-01-08T15:29:23.559855 #62520]  INFO -- : 0:  tilt (1.4.1) from /Users/akorling/.rbenv/versions/2.0.0-p247/lib/ruby/gems/2.0.0/specifications/tilt-1.4.1.gemspec
I, [2014-01-08T15:29:23.560201 #62520]  INFO -- : 0:  sinatra (1.4.4) from /Users/akorling/.rbenv/versions/2.0.0-p247/lib/ruby/gems/2.0.0/specifications/sinatra-1.4.4.gemspec
I, [2014-01-08T15:29:23.560564 #62520]  INFO -- : 0:  sqlite3 (1.3.8) from /Users/akorling/.rbenv/versions/2.0.0-p247/lib/ruby/gems/2.0.0/specifications/sqlite3-1.3.8.gemspec
I, [2014-01-08T15:29:23.560887 #62520]  INFO -- : 0:  themoviedb (0.0.16) from /Users/akorling/.rbenv/versions/2.0.0-p247/lib/ruby/gems/2.0.0/specifications/themoviedb-0.0.16.gemspec
I, [2014-01-08T15:29:23.561180 #62520]  INFO -- : 0:  bundler (1.5.1) from /Users/akorling/.rbenv/versions/2.0.0-p247/lib/ruby/gems/2.0.0/specifications/bundler-1.5.1.gemspec
I, [2014-01-08T15:30:56.032442 #63018]  INFO -- : 0:  json (1.8.1) from /Users/akorling/.rbenv/versions/2.0.0-p247/lib/ruby/gems/2.0.0/specifications/json-1.8.1.gemspec
I, [2014-01-08T15:30:56.033214 #63018]  INFO -- : 0:  multi_xml (0.5.5) from /Users/akorling/.rbenv/versions/2.0.0-p247/lib/ruby/gems/2.0.0/specifications/multi_xml-0.5.5.gemspec
I, [2014-01-08T15:30:56.033643 #63018]  INFO -- : 0:  httparty (0.12.0) from /Users/akorling/.rbenv/versions/2.0.0-p247/lib/ruby/gems/2.0.0/specifications/httparty-0.12.0.gemspec
I, [2014-01-08T15:30:56.034007 #63018]  INFO -- : 0:  rack (1.5.2) from /Users/akorling/.rbenv/versions/2.0.0-p247/lib/ruby/gems/2.0.0/specifications/rack-1.5.2.gemspec
I, [2014-01-08T15:30:56.034390 #63018]  INFO -- : 0:  rack-protection (1.5.1) from /Users/akorling/.rbenv/versions/2.0.0-p247/lib/ruby/gems/2.0.0/specifications/rack-protection-1.5.1.gemspec
I, [2014-01-08T15:30:56.034761 #63018]  INFO -- : 0:  sequel (4.6.0) from /Users/akorling/.rbenv/versions/2.0.0-p247/lib/ruby/gems/2.0.0/specifications/sequel-4.6.0.gemspec
I, [2014-01-08T15:30:56.035124 #63018]  INFO -- : 0:  tilt (1.4.1) from /Users/akorling/.rbenv/versions/2.0.0-p247/lib/ruby/gems/2.0.0/specifications/tilt-1.4.1.gemspec
I, [2014-01-08T15:30:56.035492 #63018]  INFO -- : 0:  sinatra (1.4.4) from /Users/akorling/.rbenv/versions/2.0.0-p247/lib/ruby/gems/2.0.0/specifications/sinatra-1.4.4.gemspec
I, [2014-01-08T15:30:56.035840 #63018]  INFO -- : 0:  sqlite3 (1.3.8) from /Users/akorling/.rbenv/versions/2.0.0-p247/lib/ruby/gems/2.0.0/specifications/sqlite3-1.3.8.gemspec
I, [2014-01-08T15:30:56.036202 #63018]  INFO -- : 0:  themoviedb (0.0.16) from /Users/akorling/.rbenv/versions/2.0.0-p247/lib/ruby/gems/2.0.0/specifications/themoviedb-0.0.16.gemspec
I, [2014-01-08T15:30:56.036535 #63018]  INFO -- : 0:  bundler (1.5.1) from /Users/akorling/.rbenv/versions/2.0.0-p247/lib/ruby/gems/2.0.0/specifications/bundler-1.5.1.gemspec
I, [2014-01-08T15:31:09.553563 #63384]  INFO -- : 0:  json (1.8.1) from /Users/akorling/.rbenv/versions/2.0.0-p247/lib/ruby/gems/2.0.0/specifications/json-1.8.1.gemspec
I, [2014-01-08T15:31:09.554038 #63384]  INFO -- : 0:  multi_xml (0.5.5) from /Users/akorling/.rbenv/versions/2.0.0-p247/lib/ruby/gems/2.0.0/specifications/multi_xml-0.5.5.gemspec
I, [2014-01-08T15:31:09.554365 #63384]  INFO -- : 0:  httparty (0.12.0) from /Users/akorling/.rbenv/versions/2.0.0-p247/lib/ruby/gems/2.0.0/specifications/httparty-0.12.0.gemspec
I, [2014-01-08T15:31:09.554660 #63384]  INFO -- : 0:  rack (1.5.2) from /Users/akorling/.rbenv/versions/2.0.0-p247/lib/ruby/gems/2.0.0/specifications/rack-1.5.2.gemspec
I, [2014-01-08T15:31:09.554963 #63384]  INFO -- : 0:  rack-protection (1.5.1) from /Users/akorling/.rbenv/versions/2.0.0-p247/lib/ruby/gems/2.0.0/specifications/rack-protection-1.5.1.gemspec
I, [2014-01-08T15:31:09.555291 #63384]  INFO -- : 0:  sequel (4.6.0) from /Users/akorling/.rbenv/versions/2.0.0-p247/lib/ruby/gems/2.0.0/specifications/sequel-4.6.0.gemspec
I, [2014-01-08T15:31:09.555580 #63384]  INFO -- : 0:  tilt (1.4.1) from /Users/akorling/.rbenv/versions/2.0.0-p247/lib/ruby/gems/2.0.0/specifications/tilt-1.4.1.gemspec
I, [2014-01-08T15:31:09.555868 #63384]  INFO -- : 0:  sinatra (1.4.4) from /Users/akorling/.rbenv/versions/2.0.0-p247/lib/ruby/gems/2.0.0/specifications/sinatra-1.4.4.gemspec
I, [2014-01-08T15:31:09.556141 #63384]  INFO -- : 0:  sqlite3 (1.3.8) from /Users/akorling/.rbenv/versions/2.0.0-p247/lib/ruby/gems/2.0.0/specifications/sqlite3-1.3.8.gemspec
I, [2014-01-08T15:31:09.556430 #63384]  INFO -- : 0:  themoviedb (0.0.16) from /Users/akorling/.rbenv/versions/2.0.0-p247/lib/ruby/gems/2.0.0/specifications/themoviedb-0.0.16.gemspec
I, [2014-01-08T15:31:09.556695 #63384]  INFO -- : 0:  bundler (1.5.1) from /Users/akorling/.rbenv/versions/2.0.0-p247/lib/ruby/gems/2.0.0/specifications/bundler-1.5.1.gemspec
I, [2014-01-08T15:33:35.039663 #63494]  INFO -- : 0:  json (1.8.1) from /Users/akorling/.rbenv/versions/2.0.0-p247/lib/ruby/gems/2.0.0/specifications/json-1.8.1.gemspec
I, [2014-01-08T15:33:35.040542 #63494]  INFO -- : 0:  multi_xml (0.5.5) from /Users/akorling/.rbenv/versions/2.0.0-p247/lib/ruby/gems/2.0.0/specifications/multi_xml-0.5.5.gemspec
I, [2014-01-08T15:33:35.041091 #63494]  INFO -- : 0:  httparty (0.12.0) from /Users/akorling/.rbenv/versions/2.0.0-p247/lib/ruby/gems/2.0.0/specifications/httparty-0.12.0.gemspec
I, [2014-01-08T15:33:35.042346 #63494]  INFO -- : 0:  rack (1.5.2) from /Users/akorling/.rbenv/versions/2.0.0-p247/lib/ruby/gems/2.0.0/specifications/rack-1.5.2.gemspec
I, [2014-01-08T15:33:35.043368 #63494]  INFO -- : 0:  rack-protection (1.5.1) from /Users/akorling/.rbenv/versions/2.0.0-p247/lib/ruby/gems/2.0.0/specifications/rack-protection-1.5.1.gemspec
I, [2014-01-08T15:33:35.043905 #63494]  INFO -- : 0:  sequel (4.6.0) from /Users/akorling/.rbenv/versions/2.0.0-p247/lib/ruby/gems/2.0.0/specifications/sequel-4.6.0.gemspec
I, [2014-01-08T15:33:35.044872 #63494]  INFO -- : 0:  tilt (1.4.1) from /Users/akorling/.rbenv/versions/2.0.0-p247/lib/ruby/gems/2.0.0/specifications/tilt-1.4.1.gemspec
I, [2014-01-08T15:33:35.045810 #63494]  INFO -- : 0:  sinatra (1.4.4) from /Users/akorling/.rbenv/versions/2.0.0-p247/lib/ruby/gems/2.0.0/specifications/sinatra-1.4.4.gemspec
I, [2014-01-08T15:33:35.046379 #63494]  INFO -- : 0:  sqlite3 (1.3.8) from /Users/akorling/.rbenv/versions/2.0.0-p247/lib/ruby/gems/2.0.0/specifications/sqlite3-1.3.8.gemspec
I, [2014-01-08T15:33:35.046870 #63494]  INFO -- : 0:  themoviedb (0.0.16) from /Users/akorling/.rbenv/versions/2.0.0-p247/lib/ruby/gems/2.0.0/specifications/themoviedb-0.0.16.gemspec
I, [2014-01-08T15:33:35.047307 #63494]  INFO -- : 0:  bundler (1.5.1) from /Users/akorling/.rbenv/versions/2.0.0-p247/lib/ruby/gems/2.0.0/specifications/bundler-1.5.1.gemspec
